<?xml version="1.0" encoding="UTF-8"?>
<testng-results ignored="0" total="1" passed="1" failed="0" skipped="0">
  <reporter-output>
  </reporter-output>
  <suite started-at="2022-10-29T11:13:13 IST" name="Default suite" finished-at="2022-10-29T11:13:30 IST" duration-ms="17174">
    <groups>
    </groups>
    <test started-at="2022-10-29T11:13:13 IST" name="Default test" finished-at="2022-10-29T11:13:30 IST" duration-ms="17174">
      <class name="automationpractice.Grid">
        <test-method signature="ohrmLogin()[pri:0, instance:automationpractice.Grid@40a4337a]" started-at="2022-10-29T11:13:13 IST" name="ohrmLogin" finished-at="2022-10-29T11:13:30 IST" duration-ms="17145" status="PASS">
          <reporter-output>
          </reporter-output>
        </test-method> <!-- ohrmLogin -->
      </class> <!-- automationpractice.Grid -->
    </test> <!-- Default test -->
  </suite> <!-- Default suite -->
</testng-results>
